c:\users\graham\desktop\graphics\assignment 2\assignment2_release\vc140.pdb
c:\users\graham\desktop\graphics\assignment 2\assignment2_release\glew.obj
c:\users\graham\desktop\graphics\assignment 2\assignment2_release\raygroup.obj
c:\users\graham\desktop\graphics\assignment 2\assignment2_release\rayfileinstance.obj
c:\users\graham\desktop\graphics\assignment 2\assignment2_release\raydirectionallight.todo.obj
c:\users\graham\desktop\graphics\assignment 2\assignment2_release\raydirectionallight.obj
c:\users\graham\desktop\graphics\assignment 2\assignment2_release\raycylinder.todo.obj
c:\users\graham\desktop\graphics\assignment 2\assignment2_release\raycylinder.obj
c:\users\graham\desktop\graphics\assignment 2\assignment2_release\raycone.todo.obj
c:\users\graham\desktop\graphics\assignment 2\assignment2_release\raycone.obj
c:\users\graham\desktop\graphics\assignment 2\assignment2_release\raycamera.todo.obj
c:\users\graham\desktop\graphics\assignment 2\assignment2_release\raycamera.obj
c:\users\graham\desktop\graphics\assignment 2\assignment2_release\raybox.todo.obj
c:\users\graham\desktop\graphics\assignment 2\assignment2_release\raybox.obj
c:\users\graham\desktop\graphics\assignment 2\assignment2_release\mouse.obj
c:\users\graham\desktop\graphics\assignment 2\assignment2_release\main.obj
c:\users\graham\desktop\graphics\assignment 2\assignment2_release\linesegments.todo.obj
c:\users\graham\desktop\graphics\assignment 2\assignment2_release\linesegments.obj
c:\users\graham\desktop\graphics\assignment 2\assignment2_release\jpeg.obj
c:\users\graham\desktop\graphics\assignment 2\assignment2_release\image.todo.obj
c:\users\graham\desktop\graphics\assignment 2\assignment2_release\image.obj
c:\users\graham\desktop\graphics\assignment 2\assignment2_release\bmp.obj
c:\users\graham\desktop\graphics\assignment 2\assignment2_release\time.obj
c:\users\graham\desktop\graphics\assignment 2\assignment2_release\geometry.todo.obj
c:\users\graham\desktop\graphics\assignment 2\assignment2_release\geometry.obj
c:\users\graham\desktop\graphics\assignment 2\assignment2_release\cmdlineparser.obj
c:\users\graham\desktop\graphics\assignment 2\assignment2_release\raywindow.obj
c:\users\graham\desktop\graphics\assignment 2\assignment2_release\raytriangle.todo.obj
c:\users\graham\desktop\graphics\assignment 2\assignment2_release\raytriangle.obj
c:\users\graham\desktop\graphics\assignment 2\assignment2_release\rayspotlight.todo.obj
c:\users\graham\desktop\graphics\assignment 2\assignment2_release\rayspotlight.obj
c:\users\graham\desktop\graphics\assignment 2\assignment2_release\raysphere.todo.obj
c:\users\graham\desktop\graphics\assignment 2\assignment2_release\raysphere.obj
c:\users\graham\desktop\graphics\assignment 2\assignment2_release\rayscene.todo.obj
c:\users\graham\desktop\graphics\assignment 2\assignment2_release\rayscene.obj
c:\users\graham\desktop\graphics\assignment 2\assignment2_release\raypointlight.todo.obj
c:\users\graham\desktop\graphics\assignment 2\assignment2_release\raypointlight.obj
c:\users\graham\desktop\graphics\assignment 2\assignment2_release\raykey.obj
c:\users\graham\desktop\graphics\assignment 2\assignment2_release\raygroup.todo.obj
c:\users\graham\desktop\graphics\assignment 2\x64\release\assignment2.exe
c:\users\graham\desktop\graphics\assignment 2\assignment2_release\assignment2.pdb
c:\users\graham\desktop\graphics\assignment 2\obj\assignment2\x64\release\assignment2.tlog\cl.command.1.tlog
c:\users\graham\desktop\graphics\assignment 2\obj\assignment2\x64\release\assignment2.tlog\cl.read.1.tlog
c:\users\graham\desktop\graphics\assignment 2\obj\assignment2\x64\release\assignment2.tlog\cl.write.1.tlog
c:\users\graham\desktop\graphics\assignment 2\obj\assignment2\x64\release\assignment2.tlog\link.command.1.tlog
c:\users\graham\desktop\graphics\assignment 2\obj\assignment2\x64\release\assignment2.tlog\link.read.1.tlog
c:\users\graham\desktop\graphics\assignment 2\obj\assignment2\x64\release\assignment2.tlog\link.write.1.tlog
