c:\users\graham\desktop\graphics\assignment 2\jpeg_release\jpeg.pdb
c:\users\graham\desktop\graphics\assignment 2\jpeg_release\jdatadst.obj
c:\users\graham\desktop\graphics\assignment 2\jpeg_release\jdapistd.obj
c:\users\graham\desktop\graphics\assignment 2\jpeg_release\jdapimin.obj
c:\users\graham\desktop\graphics\assignment 2\jpeg_release\jctrans.obj
c:\users\graham\desktop\graphics\assignment 2\jpeg_release\jcsample.obj
c:\users\graham\desktop\graphics\assignment 2\jpeg_release\jcprepct.obj
c:\users\graham\desktop\graphics\assignment 2\jpeg_release\jcphuff.obj
c:\users\graham\desktop\graphics\assignment 2\jpeg_release\jcparam.obj
c:\users\graham\desktop\graphics\assignment 2\jpeg_release\jcomapi.obj
c:\users\graham\desktop\graphics\assignment 2\jpeg_release\jcmaster.obj
c:\users\graham\desktop\graphics\assignment 2\jpeg_release\jcmarker.obj
c:\users\graham\desktop\graphics\assignment 2\jpeg_release\jcmainct.obj
c:\users\graham\desktop\graphics\assignment 2\jpeg_release\jcinit.obj
c:\users\graham\desktop\graphics\assignment 2\jpeg_release\jchuff.obj
c:\users\graham\desktop\graphics\assignment 2\jpeg_release\jcdctmgr.obj
c:\users\graham\desktop\graphics\assignment 2\jpeg_release\jccolor.obj
c:\users\graham\desktop\graphics\assignment 2\jpeg_release\jccoefct.obj
c:\users\graham\desktop\graphics\assignment 2\jpeg_release\jcapistd.obj
c:\users\graham\desktop\graphics\assignment 2\jpeg_release\jcapimin.obj
c:\users\graham\desktop\graphics\assignment 2\jpeg_release\ckconfig.obj
c:\users\graham\desktop\graphics\assignment 2\jpeg_release\jidctfst.obj
c:\users\graham\desktop\graphics\assignment 2\jpeg_release\jidctflt.obj
c:\users\graham\desktop\graphics\assignment 2\jpeg_release\jfdctint.obj
c:\users\graham\desktop\graphics\assignment 2\jpeg_release\jfdctfst.obj
c:\users\graham\desktop\graphics\assignment 2\jpeg_release\jfdctflt.obj
c:\users\graham\desktop\graphics\assignment 2\jpeg_release\jerror.obj
c:\users\graham\desktop\graphics\assignment 2\jpeg_release\jdtrans.obj
c:\users\graham\desktop\graphics\assignment 2\jpeg_release\jdsample.obj
c:\users\graham\desktop\graphics\assignment 2\jpeg_release\jdpostct.obj
c:\users\graham\desktop\graphics\assignment 2\jpeg_release\jdphuff.obj
c:\users\graham\desktop\graphics\assignment 2\jpeg_release\jdmerge.obj
c:\users\graham\desktop\graphics\assignment 2\jpeg_release\jdmaster.obj
c:\users\graham\desktop\graphics\assignment 2\jpeg_release\jdmarker.obj
c:\users\graham\desktop\graphics\assignment 2\jpeg_release\jdmainct.obj
c:\users\graham\desktop\graphics\assignment 2\jpeg_release\jdinput.obj
c:\users\graham\desktop\graphics\assignment 2\jpeg_release\jdhuff.obj
c:\users\graham\desktop\graphics\assignment 2\jpeg_release\jddctmgr.obj
c:\users\graham\desktop\graphics\assignment 2\jpeg_release\jdcolor.obj
c:\users\graham\desktop\graphics\assignment 2\jpeg_release\jdcoefct.obj
c:\users\graham\desktop\graphics\assignment 2\jpeg_release\jdatasrc.obj
c:\users\graham\desktop\graphics\assignment 2\jpeg_release\jutils.obj
c:\users\graham\desktop\graphics\assignment 2\jpeg_release\jquant2.obj
c:\users\graham\desktop\graphics\assignment 2\jpeg_release\jquant1.obj
c:\users\graham\desktop\graphics\assignment 2\jpeg_release\jmemnobs.obj
c:\users\graham\desktop\graphics\assignment 2\jpeg_release\jmemmgr.obj
c:\users\graham\desktop\graphics\assignment 2\jpeg_release\jidctred.obj
c:\users\graham\desktop\graphics\assignment 2\jpeg_release\jidctint.obj
c:\users\graham\desktop\graphics\assignment 2\x64\release\jpeg.lib
c:\users\graham\desktop\graphics\assignment 2\obj\jpeg\x64\release\jpeg.tlog\cl.command.1.tlog
c:\users\graham\desktop\graphics\assignment 2\obj\jpeg\x64\release\jpeg.tlog\cl.read.1.tlog
c:\users\graham\desktop\graphics\assignment 2\obj\jpeg\x64\release\jpeg.tlog\cl.write.1.tlog
c:\users\graham\desktop\graphics\assignment 2\obj\jpeg\x64\release\jpeg.tlog\lib-link.read.1.tlog
c:\users\graham\desktop\graphics\assignment 2\obj\jpeg\x64\release\jpeg.tlog\lib-link.write.1.tlog
c:\users\graham\desktop\graphics\assignment 2\obj\jpeg\x64\release\jpeg.tlog\lib.command.1.tlog
